============================================================
Time  2019/06/14 00:44:49 905 
============================================================
[2019/06/14 00:44:49 906] isr        1659 isr loaded!  
[2019/06/14 00:44:49 912] isr        1642 SYS_MSG_REGCB param0 =   msp_status_cb  param1 =   func(9b2c078) 
[2019/06/14 00:44:49 923] isr        1537 ASR_MSG_SSB  
[2019/06/14 00:44:49 926] isr        1066 session_begin() [in], params:   engine_type = local, 		asr_res_path = fo|res/asr/common.jet, sample_rate = 16000, 		grm_build_path = res/asr/GrmBuilld, local_grammar = cmd, 		result_type = xml, result_encoding = UTF-8,   nil  
[2019/06/14 00:44:49 929] isr        927  vad_set [in]  
[2019/06/14 00:44:49 931] isr        962  vad_enable :  true  
[2019/06/14 00:44:49 934] isr        980  vad_bos :  10000  
[2019/06/14 00:44:49 936] isr        981  vad_eos :  2000  
[2019/06/14 00:44:49 938] isr        886  enable_vad [in]  
[2019/06/14 00:44:49 952] isr        918  vad enabled!  2000  10000  
[2019/06/14 00:44:49 954] isr        921  enable_vad [out]  
[2019/06/14 00:44:49 956] isr        987  vad_set [out] | ret =  0  
[2019/06/14 00:44:49 958] isr        1182 cur_engine_type =   local  
[2019/06/14 00:44:49 961] isr        992  local_session_begin  
[2019/06/14 00:44:50 010] isr        1547 ASR_MSG_AUW,   local  
[2019/06/14 00:44:50 018] isr        1559 6400  1  
[2019/06/14 00:44:50 025] isr        1569 once_bytes:   6400  
[2019/06/14 00:44:50 081] isr        1547 ASR_MSG_AUW,   local  
[2019/06/14 00:44:50 086] isr        1559 6400  2  
[2019/06/14 00:44:50 161] isr        1547 ASR_MSG_AUW,   local  
[2019/06/14 00:44:50 175] isr        1559 6400  2  
[2019/06/14 00:44:50 212] isr        851  [aud] speech start  
[2019/06/14 00:44:50 225] isr        798  1  msc  
[2019/06/14 00:44:50 287] isr        1547 ASR_MSG_AUW,   local  
[2019/06/14 00:44:50 297] isr        1559 6400  2  
[2019/06/14 00:44:50 344] isr        1547 ASR_MSG_AUW,   local  
[2019/06/14 00:44:50 356] isr        1559 6400  2  
[2019/06/14 00:44:50 432] isr        1547 ASR_MSG_AUW,   local  
[2019/06/14 00:44:50 434] isr        1559 6400  2  
[2019/06/14 00:44:50 469] isr        1547 ASR_MSG_AUW,   local  
[2019/06/14 00:44:50 474] isr        1559 6400  2  
[2019/06/14 00:44:50 506] isr        1547 ASR_MSG_AUW,   local  
[2019/06/14 00:44:50 509] isr        1559 6400  2  
[2019/06/14 00:44:50 543] isr        1547 ASR_MSG_AUW,   local  
[2019/06/14 00:44:50 557] isr        1559 6400  2  
[2019/06/14 00:44:50 583] isr        1547 ASR_MSG_AUW,   local  
[2019/06/14 00:44:50 589] isr        1559 6400  2  
[2019/06/14 00:44:50 708] isr        1547 ASR_MSG_AUW,   local  
[2019/06/14 00:44:50 714] isr        1559 6400  2  
[2019/06/14 00:44:50 749] isr        1547 ASR_MSG_AUW,   local  
[2019/06/14 00:44:50 751] isr        1559 6400  2  
[2019/06/14 00:44:50 803] isr        1547 ASR_MSG_AUW,   local  
[2019/06/14 00:44:50 805] isr        1559 6400  2  
[2019/06/14 00:44:50 841] isr        1547 ASR_MSG_AUW,   local  
[2019/06/14 00:44:50 850] isr        1559 6400  2  
[2019/06/14 00:44:50 876] isr        1547 ASR_MSG_AUW,   local  
[2019/06/14 00:44:50 882] isr        1559 6400  2  
[2019/06/14 00:44:51 023] isr        1547 ASR_MSG_AUW,   local  
[2019/06/14 00:44:51 026] isr        1559 0  4  
[2019/06/14 00:44:51 028] isr        1592 aud end, USER  
[2019/06/14 00:44:51 335] isr        854  [aud] speech end  
[2019/06/14 00:44:51 350] isr        798  3  msc  
[2019/06/14 00:44:51 395] isr        1636 ASR_MSG_GRSLT,   local  
[2019/06/14 00:44:51 401] isr        1307 0  nil  2  
[2019/06/14 00:44:51 533] isr        1636 ASR_MSG_GRSLT,   local  
[2019/06/14 00:44:51 543] isr        1307 0  nil  2  
[2019/06/14 00:44:51 668] isr        1636 ASR_MSG_GRSLT,   local  
[2019/06/14 00:44:51 671] isr        1307 0  nil  2  
[2019/06/14 00:44:51 800] isr        1636 ASR_MSG_GRSLT,   local  
[2019/06/14 00:44:51 807] isr        1307 0  nil  2  
[2019/06/14 00:44:51 949] isr        1636 ASR_MSG_GRSLT,   local  
[2019/06/14 00:44:51 965] isr        1307 0  nil  2  
[2019/06/14 00:44:52 063] isr        723  local_cbmsg_handler  ,msg=  404  param1=  nil  
[2019/06/14 00:44:52 085] isr        723  local_cbmsg_handler  ,msg=  406  param1=  nil  
[2019/06/14 00:44:52 103] isr        1636 ASR_MSG_GRSLT,   local  
[2019/06/14 00:44:52 109] isr        1307 0  nil  2  
[2019/06/14 00:44:52 160] isr        723  local_cbmsg_handler  ,msg=  407  param1=  udata(9b9d79c) 
[2019/06/14 00:44:52 169] isr        641  process_result call:  local  udata(9b9d79c) 79  2  
[2019/06/14 00:44:52 171] isr        798  3  msc  
[2019/06/14 00:44:52 181] isr        800  already speech end  
[2019/06/14 00:44:52 188] isr        723  local_cbmsg_handler  ,msg=  408  param1=  nil  
[2019/06/14 00:44:52 192] isr        734  local session recognized end!  
[2019/06/14 00:44:52 235] isr        1636 ASR_MSG_GRSLT,   local  
[2019/06/14 00:44:52 238] isr        1307 0  udata(9b9d79c) 5  
[2019/06/14 00:44:52 417] isr        1639 ASR_MSG_SSE,   local  
[2019/06/14 00:44:52 420] isr        1356 session_end() [in]  
[2019/06/14 00:44:52 422] isr        1377 local_session_end() [in]  
[2019/06/14 00:44:52 431] isr        1416 ASR_LOCAL_MSG_SSE net_type  nil  
[2019/06/14 00:44:52 449] isr        1667 isr unload!  
