============================================================
Time  2019/06/14 00:44:38 431 
============================================================
[2019/06/14 00:44:38 432] isr_local  2210 os_type is:  Linux  
[2019/06/14 00:44:38 434] isr_local  2219 SYS_MSG_LOAD_LOCAL  
[2019/06/14 00:44:38 440] isr_local  2248 SYS_MSG_REGCB_LOCAL| param0 =  msp_status_cb  
[2019/06/14 00:44:38 450] isr_local  2248 SYS_MSG_REGCB_LOCAL| param0 =  build_grm_cb  
[2019/06/14 00:44:38 456] isr_local  2261 ASR_LOCAL_MSG_BUILD_GRM  
[2019/06/14 00:44:38 459] isr_local  1902 grm_init | params:  engine_type = local, 		asr_res_path = fo|res/asr/common.jet, sample_rate = 16000, 		grm_build_path = res/asr/GrmBuilld,   
[2019/06/14 00:44:38 461] isr_local  804  engine_type  :  local  
[2019/06/14 00:44:38 463] isr_local  804  asr_res_path  :  fo|res/asr/common.jet  
[2019/06/14 00:44:38 466] isr_local  804  sample_rate  :  16000  
[2019/06/14 00:44:38 468] isr_local  804  grm_build_path  :  res/asr/GrmBuilld  
[2019/06/14 00:44:38 481] isr_local  1001 file count =   1  
[2019/06/14 00:44:38 483] isr_local  924  file open type is:   fo  
[2019/06/14 00:44:38 487] isr_local  957  res/asr/common.jet  0  0  
[2019/06/14 00:44:38 489] isr_local  1019 speech_plus_setting  0  
[2019/06/14 00:44:38 491] isr_local  1032 2  nil  res/asr/common.jet  0  0  
[2019/06/14 00:44:38 498] isr_local  1034 res_ver  2  
[2019/06/14 00:44:38 500] isr_local  1035 res 5  96ad3245c21d4812438da2917e1295b8  
[2019/06/14 00:44:38 502] isr_local  1036 res_new_old_mark  v5pp  
[2019/06/14 00:44:38 504] isr_local  1037 res_usr_name  ""  
[2019/06/14 00:44:38 506] isr_local  1038 res_expires  1562127943  
[2019/06/14 00:44:38 509] isr_local  1039 err  0  
[2019/06/14 00:44:38 511] isr_local  1070 now expires:  1560498278  1562127943  
[2019/06/14 00:44:38 545] isr_local  1643 proc_retcode_grm | errorcode =  0  
[2019/06/14 00:44:38 682] isr_local  2021 grammar id:cmd  
[2019/06/14 00:44:38 686] isr_local  1635 onGrmLocalServiceCb  0  cmd  
